[2025-06-17 08:08:48] local.ERROR: require(D:\Semester 6\Pemograman berbasis kerangka kerja\project_fix\pbkk_api_laravel\bootstrap/../routes/api.php): Failed to open stream: No such file or directory {"exception":"[object] (ErrorException(code: 0): require(D:\\Semester 6\\Pemograman berbasis kerangka kerja\\project_fix\\pbkk_api_laravel\\bootstrap/../routes/api.php): Failed to open stream: No such file or directory at D:\\Semester 6\\Pemograman berbasis kerangka kerja\\project_fix\\pbkk_api_laravel\\vendor\\laravel\\framework\\src\\Illuminate\\Routing\\RouteFileRegistrar.php:35)
[stacktrace]
#0 D:\\Semester 6\\Pemograman berbasis kerangka kerja\\project_fix\\pbkk_api_laravel\\vendor\\laravel\\framework\\src\\Illuminate\\Foundation\\Bootstrap\\HandleExceptions.php(256): Illuminate\\Foundation\\Bootstrap\\HandleExceptions->handleError(2, 'require(D:\\\\Seme...', 'D:\\\\Semester 6\\\\P...', 35)
#1 D:\\Semester 6\\Pemograman berbasis kerangka kerja\\project_fix\\pbkk_api_laravel\\vendor\\laravel\\framework\\src\\Illuminate\\Routing\\RouteFileRegistrar.php(35): Illuminate\\Foundation\\Bootstrap\\HandleExceptions->Illuminate\\Foundation\\Bootstrap\\{closure}(2, 'require(D:\\\\Seme...', 'D:\\\\Semester 6\\\\P...', 35)
#2 D:\\Semester 6\\Pemograman berbasis kerangka kerja\\project_fix\\pbkk_api_laravel\\vendor\\laravel\\framework\\src\\Illuminate\\Routing\\RouteFileRegistrar.php(35): require('D:\\\\Semester 6\\\\P...')
#3 D:\\Semester 6\\Pemograman berbasis kerangka kerja\\project_fix\\pbkk_api_laravel\\vendor\\laravel\\framework\\src\\Illuminate\\Routing\\Router.php(513): Illuminate\\Routing\\RouteFileRegistrar->register('D:\\\\Semester 6\\\\P...')
#4 D:\\Semester 6\\Pemograman berbasis kerangka kerja\\project_fix\\pbkk_api_laravel\\vendor\\laravel\\framework\\src\\Illuminate\\Routing\\Router.php(467): Illuminate\\Routing\\Router->loadRoutes('D:\\\\Semester 6\\\\P...')
#5 D:\\Semester 6\\Pemograman berbasis kerangka kerja\\project_fix\\pbkk_api_laravel\\vendor\\laravel\\framework\\src\\Illuminate\\Routing\\RouteRegistrar.php(207): Illuminate\\Routing\\Router->group(Array, 'D:\\\\Semester 6\\\\P...')
#6 D:\\Semester 6\\Pemograman berbasis kerangka kerja\\project_fix\\pbkk_api_laravel\\vendor\\laravel\\framework\\src\\Illuminate\\Foundation\\Configuration\\ApplicationBuilder.php(214): Illuminate\\Routing\\RouteRegistrar->group('D:\\\\Semester 6\\\\P...')
#7 D:\\Semester 6\\Pemograman berbasis kerangka kerja\\project_fix\\pbkk_api_laravel\\vendor\\laravel\\framework\\src\\Illuminate\\Container\\BoundMethod.php(36): Illuminate\\Foundation\\Configuration\\ApplicationBuilder->Illuminate\\Foundation\\Configuration\\{closure}()
#8 D:\\Semester 6\\Pemograman berbasis kerangka kerja\\project_fix\\pbkk_api_laravel\\vendor\\laravel\\framework\\src\\Illuminate\\Container\\Util.php(43): Illuminate\\Container\\BoundMethod::Illuminate\\Container\\{closure}()
#9 D:\\Semester 6\\Pemograman berbasis kerangka kerja\\project_fix\\pbkk_api_laravel\\vendor\\laravel\\framework\\src\\Illuminate\\Container\\BoundMethod.php(83): Illuminate\\Container\\Util::unwrapIfClosure(Object(Closure))
#10 D:\\Semester 6\\Pemograman berbasis kerangka kerja\\project_fix\\pbkk_api_laravel\\vendor\\laravel\\framework\\src\\Illuminate\\Container\\BoundMethod.php(35): Illuminate\\Container\\BoundMethod::callBoundMethod(Object(Illuminate\\Foundation\\Application), Object(Closure), Object(Closure))
#11 D:\\Semester 6\\Pemograman berbasis kerangka kerja\\project_fix\\pbkk_api_laravel\\vendor\\laravel\\framework\\src\\Illuminate\\Container\\Container.php(754): Illuminate\\Container\\BoundMethod::call(Object(Illuminate\\Foundation\\Application), Object(Closure), Array, NULL)
#12 D:\\Semester 6\\Pemograman berbasis kerangka kerja\\project_fix\\pbkk_api_laravel\\vendor\\laravel\\framework\\src\\Illuminate\\Foundation\\Support\\Providers\\RouteServiceProvider.php(162): Illuminate\\Container\\Container->call(Object(Closure))
#13 D:\\Semester 6\\Pemograman berbasis kerangka kerja\\project_fix\\pbkk_api_laravel\\vendor\\laravel\\framework\\src\\Illuminate\\Foundation\\Support\\Providers\\RouteServiceProvider.php(59): Illuminate\\Foundation\\Support\\Providers\\RouteServiceProvider->loadRoutes()
#14 D:\\Semester 6\\Pemograman berbasis kerangka kerja\\project_fix\\pbkk_api_laravel\\vendor\\laravel\\framework\\src\\Illuminate\\Container\\BoundMethod.php(36): Illuminate\\Foundation\\Support\\Providers\\RouteServiceProvider->Illuminate\\Foundation\\Support\\Providers\\{closure}()
#15 D:\\Semester 6\\Pemograman berbasis kerangka kerja\\project_fix\\pbkk_api_laravel\\vendor\\laravel\\framework\\src\\Illuminate\\Container\\Util.php(43): Illuminate\\Container\\BoundMethod::Illuminate\\Container\\{closure}()
#16 D:\\Semester 6\\Pemograman berbasis kerangka kerja\\project_fix\\pbkk_api_laravel\\vendor\\laravel\\framework\\src\\Illuminate\\Container\\BoundMethod.php(83): Illuminate\\Container\\Util::unwrapIfClosure(Object(Closure))
#17 D:\\Semester 6\\Pemograman berbasis kerangka kerja\\project_fix\\pbkk_api_laravel\\vendor\\laravel\\framework\\src\\Illuminate\\Container\\BoundMethod.php(35): Illuminate\\Container\\BoundMethod::callBoundMethod(Object(Illuminate\\Foundation\\Application), Object(Closure), Object(Closure))
#18 D:\\Semester 6\\Pemograman berbasis kerangka kerja\\project_fix\\pbkk_api_laravel\\vendor\\laravel\\framework\\src\\Illuminate\\Container\\Container.php(754): Illuminate\\Container\\BoundMethod::call(Object(Illuminate\\Foundation\\Application), Object(Closure), Array, NULL)
#19 D:\\Semester 6\\Pemograman berbasis kerangka kerja\\project_fix\\pbkk_api_laravel\\vendor\\laravel\\framework\\src\\Illuminate\\Support\\ServiceProvider.php(144): Illuminate\\Container\\Container->call(Object(Closure))
#20 D:\\Semester 6\\Pemograman berbasis kerangka kerja\\project_fix\\pbkk_api_laravel\\vendor\\laravel\\framework\\src\\Illuminate\\Foundation\\Application.php(1154): Illuminate\\Support\\ServiceProvider->callBootedCallbacks()
#21 D:\\Semester 6\\Pemograman berbasis kerangka kerja\\project_fix\\pbkk_api_laravel\\vendor\\laravel\\framework\\src\\Illuminate\\Foundation\\Application.php(1132): Illuminate\\Foundation\\Application->bootProvider(Object(Illuminate\\Foundation\\Support\\Providers\\RouteServiceProvider))
#22 [internal function]: Illuminate\\Foundation\\Application->Illuminate\\Foundation\\{closure}(Object(Illuminate\\Foundation\\Support\\Providers\\RouteServiceProvider), 'Illuminate\\\\Foun...')
#23 D:\\Semester 6\\Pemograman berbasis kerangka kerja\\project_fix\\pbkk_api_laravel\\vendor\\laravel\\framework\\src\\Illuminate\\Foundation\\Application.php(1131): array_walk(Array, Object(Closure))
#24 D:\\Semester 6\\Pemograman berbasis kerangka kerja\\project_fix\\pbkk_api_laravel\\vendor\\laravel\\framework\\src\\Illuminate\\Foundation\\Bootstrap\\BootProviders.php(17): Illuminate\\Foundation\\Application->boot()
#25 D:\\Semester 6\\Pemograman berbasis kerangka kerja\\project_fix\\pbkk_api_laravel\\vendor\\laravel\\framework\\src\\Illuminate\\Foundation\\Application.php(342): Illuminate\\Foundation\\Bootstrap\\BootProviders->bootstrap(Object(Illuminate\\Foundation\\Application))
#26 D:\\Semester 6\\Pemograman berbasis kerangka kerja\\project_fix\\pbkk_api_laravel\\vendor\\laravel\\framework\\src\\Illuminate\\Foundation\\Console\\Kernel.php(474): Illuminate\\Foundation\\Application->bootstrapWith(Array)
#27 D:\\Semester 6\\Pemograman berbasis kerangka kerja\\project_fix\\pbkk_api_laravel\\vendor\\laravel\\framework\\src\\Illuminate\\Foundation\\Console\\Kernel.php(196): Illuminate\\Foundation\\Console\\Kernel->bootstrap()
#28 D:\\Semester 6\\Pemograman berbasis kerangka kerja\\project_fix\\pbkk_api_laravel\\vendor\\laravel\\framework\\src\\Illuminate\\Foundation\\Application.php(1235): Illuminate\\Foundation\\Console\\Kernel->handle(Object(Symfony\\Component\\Console\\Input\\ArgvInput), Object(Symfony\\Component\\Console\\Output\\ConsoleOutput))
#29 D:\\Semester 6\\Pemograman berbasis kerangka kerja\\project_fix\\pbkk_api_laravel\\artisan(16): Illuminate\\Foundation\\Application->handleCommand(Object(Symfony\\Component\\Console\\Input\\ArgvInput))
#30 {main}
"} 
